
Showing logs for build [32mcb-kubecd-bdd-nh-1582851698-mas-sgjpp-1[0m stage [32mfrom-build-pack[0m and container [32mstep-credential-initializer-qgssq[0m
{"level":"warn","ts":1582851929.0081837,"logger":"fallback-logger","caller":"logging/config.go:69","msg":"Fetch GitHub commit ID from kodata failed: \"ref: refs/heads/0.8.0-**-support-backwards-incompats\" is not a valid GitHub commit ID"}
{"level":"info","ts":1582851929.0087736,"logger":"fallback-logger","caller":"creds-init/main.go:40","msg":"Credentials initialized."}

Showing logs for build [32mcb-kubecd-bdd-nh-1582851698-mas-sgjpp-1[0m stage [32mfrom-build-pack[0m and container [32mstep-working-dir-initializer-4t4jv[0m
{"level":"warn","ts":1582851929.666492,"logger":"fallback-logger","caller":"logging/config.go:69","msg":"Fetch GitHub commit ID from kodata failed: open /var/run/ko/HEAD: no such file or directory"}
{"level":"info","ts":1582851929.6677458,"logger":"fallback-logger","caller":"bash/main.go:64","msg":"Successfully executed command \"sh -c mkdir -p /workspace/source\"; output "}

Showing logs for build [32mcb-kubecd-bdd-nh-1582851698-mas-sgjpp-1[0m stage [32mfrom-build-pack[0m and container [32mstep-place-tools[0m

Showing logs for build [32mcb-kubecd-bdd-nh-1582851698-mas-sgjpp-1[0m stage [32mfrom-build-pack[0m and container [32mstep-git-source-cb-kubecd-bdd-nh-1582851698-mas-sgjpp-fmghv[0m
{"level":"warn","ts":1582851983.0455875,"logger":"fallback-logger","caller":"logging/config.go:69","msg":"Fetch GitHub commit ID from kodata failed: \"ref: refs/heads/0.8.0-**-support-backwards-incompats\" is not a valid GitHub commit ID"}
{"level":"info","ts":1582851984.1685433,"logger":"fallback-logger","caller":"git/git.go:103","msg":"Successfully cloned https://github.com/cb-kubecd/bdd-nh-1582851698.git @ v0.0.1 in path /workspace/source"}

Showing logs for build [32mcb-kubecd-bdd-nh-1582851698-mas-sgjpp-1[0m stage [32mfrom-build-pack[0m and container [32mstep-git-merge[0m
Using SHAs from PULL_REFS=master:01da1bf24ee75a44a303f62d522ff43b60180b2d
WARNING: no SHAs to merge, falling back to initial cloned commit

Showing logs for build [32mcb-kubecd-bdd-nh-1582851698-mas-sgjpp-1[0m stage [32mfrom-build-pack[0m and container [32mstep-setup-jx-git-credentials[0m
Generated Git credentials file /workspace/xdg_config/git/credentials

Showing logs for build [32mcb-kubecd-bdd-nh-1582851698-mas-sgjpp-1[0m stage [32mfrom-build-pack[0m and container [32mstep-build-npmrc[0m
Command "credential" is deprecated, it will be removed on Jun 1 2020.  This is replaced by Tekton's mounted secrets
WARNING: failed to find Secret npm-token in namespace **

Showing logs for build [32mcb-kubecd-bdd-nh-1582851698-mas-sgjpp-1[0m stage [32mfrom-build-pack[0m and container [32mstep-build-npm-install[0m
npm notice created a lockfile as package-lock.json. You should commit this file.
npm WARN REPLACE_ME@1.0.0 No repository field.
npm WARN REPLACE_ME@1.0.0 No license field.

up to date in 0.951s
found 0 vulnerabilities


Showing logs for build [32mcb-kubecd-bdd-nh-1582851698-mas-sgjpp-1[0m stage [32mfrom-build-pack[0m and container [32mstep-build-npm-test[0m

> REPLACE_ME@1.0.0 test /workspace/source
> echo "no test specified" && exit 0

no test specified

Showing logs for build [32mcb-kubecd-bdd-nh-1582851698-mas-sgjpp-1[0m stage [32mfrom-build-pack[0m and container [32mstep-build-container-build[0m
[36mINFO[0m[0000] Downloading base image node:9-slim           
ERROR: logging before flag.Parse: E0228 01:06:32.501457      10 metadata.go:159] while reading 'google-dockercfg-url' metadata: http status code: 404 while fetching url http://metadata.google.internal./computeMetadata/v1/instance/attributes/google-dockercfg-url
ERROR: logging before flag.Parse: E0228 01:06:32.544976      10 metadata.go:142] while reading 'google-dockercfg' metadata: http status code: 404 while fetching url http://metadata.google.internal./computeMetadata/v1/instance/attributes/google-dockercfg
2020/02/28 01:06:32 No matching credentials were found, falling back on anonymous
[36mINFO[0m[0001] Error while retrieving image from cache: getting file info: stat /workspace/sha256:0e0175bbe4f8d9d104590d8d2c591017874e30977cb71aaff1cf6fa99479575c: no such file or directory 
[36mINFO[0m[0001] Downloading base image node:9-slim           
2020/02/28 01:06:33 No matching credentials were found, falling back on anonymous
[36mINFO[0m[0002] Executing 0 build triggers                   
[36mINFO[0m[0002] cmd: EXPOSE                                  
[36mINFO[0m[0002] Adding exposed port: 8080/tcp                
[36mINFO[0m[0002] Using files from context: [/workspace/source] 
[36mINFO[0m[0002] Skipping unpacking as no commands require it. 
[36mINFO[0m[0002] Taking snapshot of full filesystem...        
[36mINFO[0m[0002] ENV PORT 8080                                
[36mINFO[0m[0002] No files changed in this command, skipping snapshotting. 
[36mINFO[0m[0002] EXPOSE 8080                                  
[36mINFO[0m[0002] cmd: EXPOSE                                  
[36mINFO[0m[0002] Adding exposed port: 8080/tcp                
[36mINFO[0m[0002] No files changed in this command, skipping snapshotting. 
[36mINFO[0m[0002] WORKDIR /usr/src/app                         
[36mINFO[0m[0002] cmd: workdir                                 
[36mINFO[0m[0002] Changed working directory to /usr/src/app    
[36mINFO[0m[0002] Creating directory /usr/src/app              
[36mINFO[0m[0002] Taking snapshot of files...                  
[36mINFO[0m[0002] Using files from context: [/workspace/source] 
[36mINFO[0m[0002] COPY . .                                     
[36mINFO[0m[0002] Taking snapshot of files...                  
[36mINFO[0m[0002] CMD ["npm", "start"]                         
[36mINFO[0m[0002] No files changed in this command, skipping snapshotting. 
2020/02/28 01:06:35 existing blob: sha256:196b8e3c919d5639193ba6c6e54774528942041bbc37606631a2250502985c3c
2020/02/28 01:06:35 existing blob: sha256:7d083412657baa2dafba8d093034ef26f9ed2c90fb6ed95f76bb55aff03ed429
2020/02/28 01:06:35 existing blob: sha256:e01bd28a434b56ffd2a3fe9aa99b9b69aecca69904843edd30b1ee7150d79904
2020/02/28 01:06:35 existing blob: sha256:5bba3ecb4cd6374a19da45f2a3db0a9c0804984358b3bb4b666c28944016e5ff
2020/02/28 01:06:35 existing blob: sha256:a88538b9cd05cfa611e43a25582a95ad7879f6fa708b0386a26b71ee62235bb3
2020/02/28 01:06:38 pushed blob: sha256:7a25719c53755668ca8ec475ff6745bf53a4e0af78f4d4bf09be31611b4f0eb9
2020/02/28 01:06:38 pushed blob: sha256:9cd14274fc71214314d33b74b05e3d461ac2a6fb494c652734386aeed19de608
2020/02/28 01:06:38 pushed blob: sha256:83a9198d4c7085b01e335ac2a5ee07fef5b644b3f08cdae8d7d953111ee12a17
2020/02/28 01:06:40 gcr.io/jenkins-x-bdd3/bdd-nh-1582851698:0.0.1: digest: sha256:32bdbc21d9f2426ac525e1b80a6ee2c99c467c8e96b89174d49d0377521a6ca6 size: 1404

Showing logs for build [32mcb-kubecd-bdd-nh-1582851698-mas-sgjpp-1[0m stage [32mfrom-build-pack[0m and container [32mstep-build-post-build[0m
no CVE provider running in the current ** namespace so skip adding image to be analysed

Showing logs for build [32mcb-kubecd-bdd-nh-1582851698-mas-sgjpp-1[0m stage [32mfrom-build-pack[0m and container [32mstep-promote-changelog[0m
Converted /workspace/source/charts/bdd-nh-1582851698 to an unshallow repository
Generating change log from git ref a00b5dda6999e8c9381837bd18c3657a6b03168c => 5bbbbe4c49e10ca353601b4c850f63669a86863c
Associating user x-0 in users.jenkins.io with email c**d-bot@cloudbees.com to git GitProvider user with login -0 as emails match
Adding label jenkins.io/git-github-userid=-0 to user x-0 in users.jenkins.io
WARNING: Failed to enrich commit 01da1bf24ee75a44a303f62d522ff43b60180b2d with issues: User.jenkins.io "x-0" is invalid: metadata.labels: Invalid value: "-0": a valid label must be an empty string or consist of alphanumeric characters, '-', '_' or '.', and must start and end with an alphanumeric character (e.g. 'MyValue',  or 'my_value',  or '12345', regex used for validation is '(([A-Za-z0-9][-A-Za-z0-9_.]*)?[A-Za-z0-9])?')
Associating user x-0 in users.jenkins.io with email c**d-bot@cloudbees.com to git GitProvider user with login -0 as emails match
Adding label jenkins.io/git-github-userid=-0 to user x-0 in users.jenkins.io
WARNING: Failed to enrich commit 01da1bf24ee75a44a303f62d522ff43b60180b2d with issues: User.jenkins.io "x-0" is invalid: metadata.labels: Invalid value: "-0": a valid label must be an empty string or consist of alphanumeric characters, '-', '_' or '.', and must start and end with an alphanumeric character (e.g. 'MyValue',  or 'my_value',  or '12345', regex used for validation is '(([A-Za-z0-9][-A-Za-z0-9_.]*)?[A-Za-z0-9])?')
Finding issues in commit messages using git format
WARNING: No release found for cb-kubecd/bdd-nh-1582851698 and tag v0.0.1 so creating a new release
Updated the release information at https://github.com/cb-kubecd/bdd-nh-1582851698/releases/tag/v0.0.1
generated: /workspace/source/charts/bdd-nh-1582851698/templates/release.yaml
Created Release bdd-nh-1582851698-0-0-1 resource in namespace **
Updating PipelineActivity cb-kubecd-bdd-nh-1582851698-master-1 with version 0.0.1
Updated PipelineActivities cb-kubecd-bdd-nh-1582851698-master-1 with release notes URL: https://github.com/cb-kubecd/bdd-nh-1582851698/releases/tag/v0.0.1

Showing logs for build [32mcb-kubecd-bdd-nh-1582851698-mas-sgjpp-1[0m stage [32mfrom-build-pack[0m and container [32mstep-promote-helm-release[0m
WARNING: No $CHART_REPOSITORY defined so using the default value of: http://jenkins-x-chartmuseum:8080
Adding missing Helm repo: storage.googleapis.com https://storage.googleapis.com/chartmuseum.jenkins-x.io
WARNING: No secrets found on "helm/repos" due: reading the secret "helm/repos" from vault: no secret "helm/repos" not found in vault
Read credentials for https://storage.googleapis.com/chartmuseum.jenkins-x.io from vault helm/repos
Successfully added Helm repository storage.googleapis.com.
Adding missing Helm repo: jenkins-x-chartmuseum http://jenkins-x-chartmuseum:8080
WARNING: No secrets found on "helm/repos" due: reading the secret "helm/repos" from vault: no secret "helm/repos" not found in vault
Read credentials for http://jenkins-x-chartmuseum:8080 from vault helm/repos
Successfully added Helm repository jenkins-x-chartmuseum.
WARNING: No $CHART_REPOSITORY defined so using the default value of: http://jenkins-x-chartmuseum:8080
Uploading chart file bdd-nh-1582851698-0.0.1.tgz to http://jenkins-x-chartmuseum:8080/api/charts
Received 201 response: {"saved":true}

Showing logs for build [32mcb-kubecd-bdd-nh-1582851698-mas-sgjpp-1[0m stage [32mfrom-build-pack[0m and container [32mstep-promote-jx-promote[0m
WARNING: prow based install so skip waiting for the merge of Pull Requests to go green as currently there is an issue with gettingstatuses from the PR, see https://github.com/jenkins-x/**/issues/2410
WARNING: No $CHART_REPOSITORY defined so using the default value of: http://jenkins-x-chartmuseum:8080
Promoting app bdd-nh-1582851698 version 0.0.1 to namespace **-staging
WARNING: 
Created Pull Request: https://github.com/cb-kubecd/environment-pr-167-67-boot-vault-gke-staging/pull/2
Added label updatebot to Pull Request https://github.com/cb-kubecd/environment-pr-167-67-boot-vault-gke-staging/pull/2
got git provider status pending from PR https://github.com/cb-kubecd/environment-pr-167-67-boot-vault-gke-staging/pull/2
got git provider status pending from PR https://github.com/cb-kubecd/environment-pr-167-67-boot-vault-gke-staging/pull/2
got git provider status pending from PR https://github.com/cb-kubecd/environment-pr-167-67-boot-vault-gke-staging/pull/2
got git provider status pending from PR https://github.com/cb-kubecd/environment-pr-167-67-boot-vault-gke-staging/pull/2
got git provider status pending from PR https://github.com/cb-kubecd/environment-pr-167-67-boot-vault-gke-staging/pull/2
Pull Request https://github.com/cb-kubecd/environment-pr-167-67-boot-vault-gke-staging/pull/2 is merged at sha 06d4851b7ee7ec07eaa47ee39cbed73d6d0e1194
Pull Request merged but we are not waiting for the update pipeline to complete!
WARNING: Could not find the service URL in namespace **-staging for names bdd-nh-1582851698, **-bdd-nh-1582851698, **-staging-bdd-nh-1582851698
